install.packages("/mnt/raid66/Personal_data/xuzijie/task/07ATS/02result/env/r-scATS/scATS_0.5.5.tar.gz",repo=NULL)
Installing package into ‘/mnt/data/wanghuiying/R/4.5’
(as ‘lib’ is unspecified)
* installing *source* package ‘scATS’ ...
** this is package ‘scATS’ version ‘0.5.5’
** using staged installation
** R
** byte-compile and prepare package for lazy loading
Error in loadNamespace(j <- i[[1L]], c(lib.loc, .libPaths()), versionCheck = vI[[j]]) : 
  there is no package called 'smoother'
Calls: <Anonymous> ... loadNamespace -> withRestarts -> withOneRestart -> doWithOneRestart
Execution halted
ERROR: lazy loading failed for package ‘scATS’
* removing ‘/mnt/data/wanghuiying/R/4.5/scATS’
Warning :installation of package ‘/mnt/raid66/Personal_data/xuzijie/task/07ATS/02result/env/r-scATS/scATS_0.5.5.tar.gz’ had non-zero exit status

> # install.packages(c('R.utils', 'TTR', 'VGAM', 'prettyunits', 'httr2', 'mclust', 'mixtools'))
> # install.packages(c('fitdistrplus',  'Seurat'))
> # BiocManager::install("ggbio")
> install.packages('https://cran.r-project.org/src/contrib/Archive/smoother/smoother_1.3.tar.gz', repos = NULL, type = 'source')
Installing package into ‘/mnt/data/wanghuiying/R/4.5’
(as ‘lib’ is unspecified)
* installing *source* package ‘smoother’ ...
** this is package ‘smoother’ version ‘1.3’
** package ‘smoother’ successfully unpacked and MD5 sums checked
** using staged installation
** R
** byte-compile and prepare package for lazy loading
** help
*** installing help indices
** building package indices
** testing if installed package can be loaded from temporary location
** testing if installed package can be loaded from final location
** testing if installed package keeps a record of temporary installation path
* DONE (smoother)
> install.packages("/mnt/raid66/Personal_data/xuzijie/task/07ATS/02result/env/r-scATS/scATS_0.5.5.tar.gz",repo=NULL)
Installing package into ‘/mnt/data/wanghuiying/R/4.5’
(as ‘lib’ is unspecified)
* installing *source* package ‘scATS’ ...
** this is package ‘scATS’ version ‘0.5.5’
** using staged installation
** R
** byte-compile and prepare package for lazy loading
** help
*** installing help indices
** building package indices
** testing if installed package can be loaded from temporary location
** testing if installed package can be loaded from final location
** testing if installed package keeps a record of temporary installation path
* DONE (scATS)
> library(scATS)
> sessionInfo()
R version 4.5.2 (2025-10-31)
Platform: x86_64-pc-linux-gnu
Running under: Ubuntu 22.04.5 LTS

Matrix products: default
BLAS:   /usr/lib/x86_64-linux-gnu/blas/libblas.so.3.10.0 
LAPACK: /usr/lib/x86_64-linux-gnu/lapack/liblapack.so.3.10.0  LAPACK version 3.10.0

locale:
 [1] LC_CTYPE=en_US.UTF-8       LC_NUMERIC=C               LC_TIME=en_US.UTF-8        LC_COLLATE=en_US.UTF-8     LC_MONETARY=en_US.UTF-8   
 [6] LC_MESSAGES=en_US.UTF-8    LC_PAPER=en_US.UTF-8       LC_NAME=C                  LC_ADDRESS=C               LC_TELEPHONE=C            
[11] LC_MEASUREMENT=en_US.UTF-8 LC_IDENTIFICATION=C       

time zone: Asia/Shanghai
tzcode source: system (glibc)

attached base packages:
[1] stats     graphics  grDevices utils     datasets  methods   base     

other attached packages:
[1] scATS_0.5.5

loaded via a namespace (and not attached):
  [1] RcppAnnoy_0.0.23            splines_4.5.2               later_1.4.5                 BiocIO_1.20.0               bitops_1.0-9               
  [6] tibble_3.3.1                R.oo_1.27.1                 polyclip_1.10-7             graph_1.88.1                xts_0.14.2                 
 [11] rpart_4.1.24                XML_3.99-0.20               fastDummies_1.7.5           lifecycle_1.0.5             OrganismDbi_1.52.0         
 [16] ensembldb_2.34.0            globals_0.19.0              lattice_0.22-5              MASS_7.3-65                 backports_1.5.0            
 [21] magrittr_2.0.4              rmarkdown_2.30              Hmisc_5.2-5                 plotly_4.12.0               yaml_2.3.12                
 [26] httpuv_1.6.16               otel_0.2.0                  Seurat_5.4.0                sctransform_0.4.3           spam_2.11-3                
 [31] sp_2.2-1                    spatstat.sparse_3.1-0       ggbio_1.58.0                reticulate_1.45.0           cowplot_1.2.0              
 [36] pbapply_1.7-4               DBI_1.2.3                   RColorBrewer_1.1-3          abind_1.4-8                 Rtsne_0.17                 
 [41] GenomicRanges_1.62.1        mixtools_2.0.0.1            purrr_1.2.1                 R.utils_2.13.0              AnnotationFilter_1.34.0    
 [46] biovizBase_1.58.0           BiocGenerics_0.56.0         RCurl_1.98-1.17             nnet_7.3-20                 VariantAnnotation_1.56.0   
 [51] IRanges_2.44.0              S4Vectors_0.48.0            ggrepel_0.9.6               irlba_2.3.7                 listenv_0.10.0             
 [56] spatstat.utils_3.2-1        goftest_1.2-3               RSpectra_0.16-2             spatstat.random_3.4-4       fitdistrplus_1.2-6         
 [61] parallelly_1.46.1           smoother_1.3                codetools_0.2-19            DelayedArray_0.36.0         tidyselect_1.2.1           
 [66] UCSC.utils_1.6.1            farver_2.1.2                base64enc_0.1-3             matrixStats_1.5.0           stats4_4.5.2               
 [71] spatstat.explore_3.7-0      Seqinfo_1.0.0               GenomicAlignments_1.46.0    jsonlite_2.0.0              Formula_1.2-5              
 [76] progressr_0.18.0            ggridges_0.5.7              survival_3.8-3              segmented_2.2-1             tools_4.5.2                
 [81] ica_1.0-3                   Rcpp_1.1.1                  glue_1.8.0                  gridExtra_2.3               SparseArray_1.10.8         
 [86] xfun_0.56                   TTR_0.24.4                  MatrixGenerics_1.22.0       GenomeInfoDb_1.46.2         dplyr_1.1.4                
 [91] BiocManager_1.30.27         fastmap_1.2.0               digest_0.6.39               R6_2.6.1                    mime_0.13                  
 [96] colorspace_2.1-2            scattermore_1.2             tensor_1.5.1                dichromat_2.0-0.1           spatstat.data_3.1-9        
[101] RSQLite_2.4.5               cigarillo_1.0.0             R.methodsS3_1.8.2           tidyr_1.3.2                 generics_0.1.4             
[106] data.table_1.18.0           rtracklayer_1.70.1          httr_1.4.7                  htmlwidgets_1.6.4           S4Arrays_1.10.1            
[111] uwot_0.2.4                  pkgconfig_2.0.3             gtable_0.3.6                blob_1.3.0                  lmtest_0.9-40              
[116] S7_0.2.1                    XVector_0.50.0              htmltools_0.5.9             dotCall64_1.2               RBGL_1.86.0                
[121] ProtGenerics_1.42.0         SeuratObject_5.3.0          scales_1.4.0                Biobase_2.70.0              png_0.1-8                  
[126] spatstat.univar_3.1-6       knitr_1.51                  rstudioapi_0.18.0           reshape2_1.4.5              rjson_0.2.23               
[131] checkmate_2.3.4             nlme_3.1-168                curl_7.0.0                  cachem_1.1.0                zoo_1.8-15                 
[136] stringr_1.6.0               KernSmooth_2.23-26          parallel_4.5.2              miniUI_0.1.2                foreign_0.8-90             
[141] AnnotationDbi_1.72.0        restfulr_0.0.16             pillar_1.11.1               grid_4.5.2                  vctrs_0.7.0                
[146] RANN_2.6.2                  VGAM_1.1-14                 promises_1.5.0              xtable_1.8-4                cluster_2.1.8.1            
[151] htmlTable_2.4.3             evaluate_1.0.5              GenomicFeatures_1.62.0      cli_3.6.5                   compiler_4.5.2             
[156] Rsamtools_2.26.0            rlang_1.1.7                 crayon_1.5.3                future.apply_1.20.2         mclust_6.1.2               
[161] plyr_1.8.9                  stringi_1.8.7               viridisLite_0.4.2           deldir_2.0-4                BiocParallel_1.44.0        
[166] Biostrings_2.78.0           lazyeval_0.2.2              spatstat.geom_3.7-0         Matrix_1.7-4                BSgenome_1.78.0            
[171] RcppHNSW_0.6.0              patchwork_1.3.2             bit64_4.6.0-1               future_1.69.0               ggplot2_4.0.1              
[176] KEGGREST_1.50.0             shiny_1.12.1                SummarizedExperiment_1.40.0 kernlab_0.9-33              ROCR_1.0-12                
[181] igraph_2.2.1                memoise_2.0.1               bit_4.6.0                  
>