> devtools::install_github("LuChenLab/r-scATS", force = TRUE)
Downloading GitHub repo LuChenLab/r-scATS@HEAD
These packages have more recent versions available.
It is recommended to update all of them.
Which would you like to update?

 1: All
 2: CRAN packages only
 3: None
 4: Rcpp         (1.1.0   -> 1.1.1   ) [CRAN]
 5: RcppAnnoy    (0.0.22  -> 0.0.23  ) [CRAN]
 6: irlba        (2.3.5.1 -> 2.3.7   ) [CRAN]
 7: vctrs        (0.6.5   -> 0.7.1   ) [CRAN]
 8: rlang        (1.1.6   -> 1.1.7   ) [CRAN]
 9: lifecycle    (1.0.4   -> 1.0.5   ) [CRAN]
10: spatstat.... (3.2-0   -> 3.2-1   ) [CRAN]
11: spatstat.... (3.1-5   -> 3.1-6   ) [CRAN]
12: spatstat.... (3.4-3   -> 3.4-4   ) [CRAN]
13: spatstat.... (3.6-1   -> 3.7-0   ) [CRAN]
14: rappdirs     (0.3.3   -> 0.3.4   ) [CRAN]
15: base64enc    (0.1-3   -> 0.1-6   ) [CRAN]
16: xtable       (1.8-4   -> 1.8-8   ) [CRAN]
17: later        (1.4.4   -> 1.4.7   ) [CRAN]
18: bslib        (0.9.0   -> 0.10.0  ) [CRAN]
19: viridisLite  (0.4.2   -> 0.4.3   ) [CRAN]
20: cpp11        (0.5.2   -> 0.5.3   ) [CRAN]
21: globals      (0.18.0  -> 0.19.0  ) [CRAN]
22: tibble       (3.3.0   -> 3.3.1   ) [CRAN]
23: ggplot2      (4.0.1   -> 4.0.2   ) [CRAN]
24: parallelly   (1.46.0  -> 1.46.1  ) [CRAN]
25: future       (1.68.0  -> 1.69.0  ) [CRAN]
26: future.apply (1.20.1  -> 1.20.2  ) [CRAN]
27: dplyr        (1.1.4   -> 1.2.0   ) [CRAN]
28: xfun         (0.55    -> 0.56    ) [CRAN]
29: openssl      (2.3.4   -> 2.3.5   ) [CRAN]
30: data.table   (1.17.8  -> 1.18.2.1) [CRAN]
31: purrr        (1.2.0   -> 1.2.1   ) [CRAN]
32: httr         (1.4.7   -> 1.4.8   ) [CRAN]
33: shiny        (1.12.1  -> 1.13.0  ) [CRAN]
34: spam         (2.11-1  -> 2.11-3  ) [CRAN]
35: sp           (2.2-0   -> 2.2-1   ) [CRAN]
36: spatstat.... (3.6-0   -> 3.7-0   ) [CRAN]
37: sctransform  (0.4.2   -> 0.4.3   ) [CRAN]
38: ROCR         (1.0-11  -> 1.0-12  ) [CRAN]
39: reticulate   (1.44.1  -> 1.45.0  ) [CRAN]
40: plotly       (4.11.0  -> 4.12.0  ) [CRAN]
41: igraph       (2.2.1   -> 2.2.2   ) [CRAN]
42: ggrepel      (0.9.6   -> 0.9.7   ) [CRAN]
43: fitdistrplus (1.2-4   -> 1.2-6   ) [CRAN]
44: segmented    (2.1-4   -> 2.2-1   ) [CRAN]
45: Seurat       (5.3.1   -> 5.4.0   ) [CRAN]

Enter one or more numbers, or an empty line to skip updates:
── R CMD build ─────────────────────────────────────────────────────────────────────────────────────────────────────────────────────────────────────────────────────────────────────────────
✔  checking for file ‘/tmp/RtmpfYsVZf/remotesc91c93b48e05b/LuChenLab-r-scATS-de54a8e/DESCRIPTION’ ...
─  preparing ‘scATS’:
✔  checking DESCRIPTION meta-information ...
─  excluding invalid files
   Subdirectory 'demo' contains invalid file names:
     ‘demo.bam’ ‘demo.bam.bai’ ‘demo.gtf’ ‘demo_seurat.Rds’
─  checking for LF line-endings in source and make files and shell scripts
─  checking for empty or unneeded directories
   Removed empty directory ‘scATS/demo’
   Omitted ‘LazyData’ from DESCRIPTION
─  building ‘scATS_0.5.6.tar.gz’

Installing package into ‘/mnt/data/xuzijie/Rpack’
(as ‘lib’ is unspecified)
* installing *source* package ‘scATS’ ...
** this is package ‘scATS’ version ‘0.5.6’
** using staged installation
** R
** byte-compile and prepare package for lazy loading
** help
*** installing help indices
** building package indices
** testing if installed package can be loaded from temporary location
** testing if installed package can be loaded from final location
** testing if installed package keeps a record of temporary installation path
* DONE (scATS)
> sessionInfo()
R version 4.5.2 (2025-10-31)
Platform: x86_64-pc-linux-gnu
Running under: Ubuntu 22.04.5 LTS

Matrix products: default
BLAS:   /usr/lib/x86_64-linux-gnu/blas/libblas.so.3.10.0
LAPACK: /usr/lib/x86_64-linux-gnu/lapack/liblapack.so.3.10.0  LAPACK version 3.10.0

locale:
 [1] LC_CTYPE=en_US.UTF-8       LC_NUMERIC=C
 [3] LC_TIME=zh_CN.UTF-8        LC_COLLATE=en_US.UTF-8
 [5] LC_MONETARY=zh_CN.UTF-8    LC_MESSAGES=en_US.UTF-8
 [7] LC_PAPER=zh_CN.UTF-8       LC_NAME=C
 [9] LC_ADDRESS=C               LC_TELEPHONE=C
[11] LC_MEASUREMENT=zh_CN.UTF-8 LC_IDENTIFICATION=C

time zone: Asia/Shanghai
tzcode source: system (glibc)

attached base packages:
[1] stats     graphics  grDevices utils     datasets  methods   base

other attached packages:
[1] scATS_0.5.6

loaded via a namespace (and not attached):
  [1] segmented_2.1-4             fs_1.6.6
  [3] ProtGenerics_1.42.0         matrixStats_1.5.0
  [5] spatstat.sparse_3.1-0       bitops_1.0-9
  [7] devtools_2.4.6              httr_1.4.7
  [9] RColorBrewer_1.1-3          tools_4.5.2
 [11] sctransform_0.4.2           backports_1.5.0
 [13] R6_2.6.1                    lazyeval_0.2.2
 [15] uwot_0.2.4                  sp_2.2-0
 [17] prettyunits_1.2.0           gridExtra_2.3
 [19] progressr_0.18.0            cli_3.6.5
 [21] Biobase_2.70.0              spatstat.explore_3.6-0
 [23] fastDummies_1.7.5           ggbio_1.58.0
 [25] Seurat_5.3.1                S7_0.2.1
 [27] spatstat.data_3.1-9         ggridges_0.5.7
 [29] pbapply_1.7-4               Rsamtools_2.26.0
 [31] txdbmaker_1.6.0             foreign_0.8-90
 [33] R.utils_2.13.0              dichromat_2.0-0.1
 [35] parallelly_1.46.0           sessioninfo_1.2.3
 [37] BSgenome_1.78.0             VGAM_1.1-14
 [39] rstudioapi_0.17.1           RSQLite_2.4.5
 [41] generics_0.1.4              BiocIO_1.20.0
 [43] ica_1.0-3                   spatstat.random_3.4-3
 [45] dplyr_1.1.4                 Matrix_1.7-4
 [47] S4Vectors_0.48.0            abind_1.4-8
 [49] R.methodsS3_1.8.2           lifecycle_1.0.4
 [51] yaml_2.3.12                 SummarizedExperiment_1.40.0
 [53] BiocFileCache_3.0.0         SparseArray_1.10.8
 [55] Rtsne_0.17                  grid_4.5.2
 [57] blob_1.2.4                  promises_1.5.0
 [59] crayon_1.5.3                miniUI_0.1.2
 [61] lattice_0.22-5              cowplot_1.2.0
 [63] GenomicFeatures_1.62.0      cigarillo_1.0.0
 [65] KEGGREST_1.50.0             pillar_1.11.1
 [67] knitr_1.51                  GenomicRanges_1.62.1
 [69] rjson_0.2.23                future.apply_1.20.1
 [71] codetools_0.2-19            glue_1.8.0
 [73] spatstat.univar_3.1-5       data.table_1.17.8
 [75] remotes_2.5.0               vctrs_0.6.5
 [77] png_0.1-8                   spam_2.11-1
 [79] gtable_0.3.6                kernlab_0.9-33
 [81] cachem_1.1.0                xfun_0.55
 [83] S4Arrays_1.10.1             mime_0.13
 [85] Seqinfo_1.0.0               survival_3.8-3
 [87] ellipsis_0.3.2              fitdistrplus_1.2-4
 [89] ROCR_1.0-11                 nlme_3.1-168
 [91] usethis_3.2.1               bit64_4.6.0-1
 [93] progress_1.2.3              filelock_1.0.3
 [95] RcppAnnoy_0.0.22            GenomeInfoDb_1.46.2
 [97] irlba_2.3.5.1               KernSmooth_2.23-26
 [99] otel_0.2.0                  rpart_4.1.24
[101] colorspace_2.1-2            BiocGenerics_0.56.0
[103] DBI_1.2.3                   Hmisc_5.2-4
[105] nnet_7.3-20                 tidyselect_1.2.1
[107] processx_3.8.6              bit_4.6.0
[109] compiler_4.5.2              curl_7.0.0
[111] httr2_1.2.2                 graph_1.88.1
[113] htmlTable_2.4.3             desc_1.4.3
[115] DelayedArray_0.36.0         plotly_4.11.0
[117] rtracklayer_1.70.0          checkmate_2.3.3
[119] scales_1.4.0                lmtest_0.9-40
[121] RBGL_1.86.0                 callr_3.7.6
[123] rappdirs_0.3.3              stringr_1.6.0
[125] digest_0.6.39               goftest_1.2-3
[127] spatstat.utils_3.2-0        mixtools_2.0.0.1
[129] rmarkdown_2.30              XVector_0.50.0
[131] htmltools_0.5.9             pkgconfig_2.0.3
[133] base64enc_0.1-3             MatrixGenerics_1.22.0
[135] dbplyr_2.5.1                fastmap_1.2.0
[137] ensembldb_2.34.0            rlang_1.1.6
[139] htmlwidgets_1.6.4           UCSC.utils_1.6.1
[141] shiny_1.12.1                farver_2.1.2
[143] zoo_1.8-15                  jsonlite_2.0.0
[145] BiocParallel_1.44.0         mclust_6.1.2
[147] R.oo_1.27.1                 VariantAnnotation_1.56.0
[149] RCurl_1.98-1.17             magrittr_2.0.4
[151] Formula_1.2-5               dotCall64_1.2
[153] patchwork_1.3.2             Rcpp_1.1.0
[155] reticulate_1.44.1           stringi_1.8.7
[157] MASS_7.3-65                 plyr_1.8.9
[159] pkgbuild_1.4.8              parallel_4.5.2
[161] listenv_0.10.0              ggrepel_0.9.6
[163] deldir_2.0-4                Biostrings_2.78.0
[165] splines_4.5.2               tensor_1.5.1
[167] hms_1.1.4                   ps_1.9.1
[169] igraph_2.2.1                spatstat.geom_3.6-1
[171] RcppHNSW_0.6.0              biomaRt_2.66.0
[173] reshape2_1.4.5              stats4_4.5.2
[175] pkgload_1.5.0               XML_3.99-0.20
[177] evaluate_1.0.5              SeuratObject_5.3.0
[179] biovizBase_1.58.0           BiocManager_1.30.27
[181] httpuv_1.6.16               RANN_2.6.2
[183] tidyr_1.3.2                 purrr_1.2.0
[185] polyclip_1.10-7             future_1.68.0
[187] scattermore_1.2             ggplot2_4.0.1
[189] xtable_1.8-4                restfulr_0.0.16
[191] AnnotationFilter_1.34.0     RSpectra_0.16-2
[193] later_1.4.4                 viridisLite_0.4.2
[195] OrganismDbi_1.52.0          tibble_3.3.0
[197] memoise_2.0.1               AnnotationDbi_1.72.0
[199] GenomicAlignments_1.46.0    IRanges_2.44.0
[201] cluster_2.1.8.1             globals_0.18.0